2023-04-02 22:50:04.278539 - Initialized conversion of CBT232
2023-04-02 22:50:04.380794 - Received CBT.V504.FILE232.PDS from FILE232.XMI 
2023-04-02 22:50:04.383603 - Found $$$#DATE.txt (text/plain) in CBT.V504.FILE232.PDS, moved to PDS/$$$#DATE
2023-04-02 22:50:04.385134 - Found $DOC.txt (text/plain) in CBT.V504.FILE232.PDS, moved to PDS/$DOC
2023-04-02 22:50:04.386312 - Found $JCL.jcl (text/plain) in CBT.V504.FILE232.PDS, moved to PDS/$JCL
2023-04-02 22:50:04.387631 - Found @FILE232.txt (text/plain) in CBT.V504.FILE232.PDS, moved to PDS/@FILE232
2023-04-02 22:50:04.388822 - Found CHPID.txt (text/plain) in CBT.V504.FILE232.PDS, moved to PDS/CHPID
2023-04-02 22:50:04.389973 - Found CNTLUNIT.txt (text/plain) in CBT.V504.FILE232.PDS, moved to PDS/CNTLUNIT
2023-04-02 22:50:04.391017 - Found CONSOLE.txt (text/plain) in CBT.V504.FILE232.PDS, moved to PDS/CONSOLE
2023-04-02 22:50:04.392388 - Found CTRLPROG.txt (text/plain) in CBT.V504.FILE232.PDS, moved to PDS/CTRLPROG
2023-04-02 22:50:04.393616 - Found DATAMGT.txt (text/plain) in CBT.V504.FILE232.PDS, moved to PDS/DATAMGT
2023-04-02 22:50:04.394715 - Found DATASET.txt (text/plain) in CBT.V504.FILE232.PDS, moved to PDS/DATASET
2023-04-02 22:50:04.395942 - Found EDIT.txt (text/plain) in CBT.V504.FILE232.PDS, moved to PDS/EDIT
2023-04-02 22:50:04.397172 - Found GENERATE.txt (text/plain) in CBT.V504.FILE232.PDS, moved to PDS/GENERATE
2023-04-02 22:50:04.398131 - Found ID.txt (text/plain) in CBT.V504.FILE232.PDS, moved to PDS/ID
2023-04-02 22:50:04.399194 - Found IODEVICE.txt (text/plain) in CBT.V504.FILE232.PDS, moved to PDS/IODEVICE
2023-04-02 22:50:04.400371 - Found JES.txt (text/plain) in CBT.V504.FILE232.PDS, moved to PDS/JES
2023-04-02 22:50:04.401318 - Found SCHEDULR.txt (text/plain) in CBT.V504.FILE232.PDS, moved to PDS/SCHEDULR
2023-04-02 22:50:04.402245 - Found SGGIMSMP.txt (text/plain) in CBT.V504.FILE232.PDS, moved to PDS/SGGIMSMP
2023-04-02 22:50:04.403219 - Found SVCTABLE.txt (text/plain) in CBT.V504.FILE232.PDS, moved to PDS/SVCTABLE
2023-04-02 22:50:04.404290 - Found TSO.txt (text/plain) in CBT.V504.FILE232.PDS, moved to PDS/TSO
2023-04-02 22:50:04.405915 - Found UNITNAME.txt (text/plain) in CBT.V504.FILE232.PDS, moved to PDS/UNITNAME
